{
  "RSpec": {
    "coverage": {
      "/Users/ben/Desktop/IT Portfolio/MAKERS/COURSE/Week04/bookmark/app/controllers/app.rb": {
        "lines": [
          1,
          1,
          null,
          1,
          1,
          1,
          1,
          1,
          null,
          null,
          1,
          3,
          null,
          null,
          1,
          8,
          8,
          null,
          null,
          1,
          1,
          null,
          null,
          1,
          1,
          1,
          null,
          null,
          1,
          3,
          3,
          null,
          null,
          1,
          1,
          1,
          null,
          null,
          1,
          null
        ]
      },
      "/Users/ben/Desktop/IT Portfolio/MAKERS/COURSE/Week04/bookmark/app/models/Bookmark.rb": {
        "lines": [
          1,
          null,
          1,
          1,
          null,
          1,
          64,
          64,
          64,
          null,
          null,
          1,
          15,
          null,
          15,
          null,
          15,
          64,
          null,
          null,
          null,
          1,
          2,
          null,
          2,
          null,
          null,
          1,
          1,
          1,
          1,
          null,
          null,
          null,
          null,
          1,
          1,
          18,
          18,
          null,
          0,
          null,
          null,
          null,
          null
        ]
      },
      "/Users/ben/Desktop/IT Portfolio/MAKERS/COURSE/Week04/bookmark/spec/features/Bookmark_features_spec.rb": {
        "lines": [
          1,
          1,
          1,
          1,
          1,
          1,
          1,
          1,
          1,
          null,
          null,
          null
        ]
      },
      "/Users/ben/Desktop/IT Portfolio/MAKERS/COURSE/Week04/bookmark/spec/features/add_bookmarks_spec.rb": {
        "lines": [
          1,
          1,
          1,
          1,
          null,
          null,
          1,
          1,
          1,
          1,
          1,
          1,
          1,
          null,
          null
        ]
      },
      "/Users/ben/Desktop/IT Portfolio/MAKERS/COURSE/Week04/bookmark/spec/features/delete_bookmarks_spec.rb": {
        "lines": [
          1,
          1,
          1,
          1,
          1,
          1,
          1,
          null,
          null
        ]
      },
      "/Users/ben/Desktop/IT Portfolio/MAKERS/COURSE/Week04/bookmark/spec/features/index_spec.rb": {
        "lines": [
          1,
          1,
          1,
          1,
          null,
          null,
          1,
          1,
          1,
          null,
          null
        ]
      },
      "/Users/ben/Desktop/IT Portfolio/MAKERS/COURSE/Week04/bookmark/spec/features/update_bookmarks_spec.rb": {
        "lines": [
          1,
          1,
          1,
          1,
          1,
          1,
          1,
          1,
          null,
          null,
          1,
          1,
          1,
          1,
          1,
          1,
          1,
          1,
          null,
          null
        ]
      },
      "/Users/ben/Desktop/IT Portfolio/MAKERS/COURSE/Week04/bookmark/spec/units/bookmark_spec.rb": {
        "lines": [
          1,
          1,
          1,
          1,
          null,
          1,
          2,
          null,
          null,
          null,
          1,
          1,
          null,
          1,
          3,
          null,
          null,
          null,
          null,
          null,
          null,
          1,
          null,
          1,
          1,
          1,
          1,
          null,
          null,
          null,
          null
        ]
      },
      "/Users/ben/Desktop/IT Portfolio/MAKERS/COURSE/Week04/bookmark/spec/units/logic_spec.rb": {
        "lines": [

        ]
      }
    },
    "timestamp": 1603464153
  }
}
